The system is: Windows - 10.0.18362 - AMD64
Compiling the C compiler identification source file "CMakeCCompilerId.c" succeeded.
Compiler: C:/Program Files (x86)/Microsoft Visual Studio/2019/Community/VC/Tools/MSVC/14.29.30133/bin/Hostx86/x86/cl.exe 
Build flags: 
Id flags:  

The output was:
0
Microsoft (R) C/C++ Optimizing Compiler Version 19.29.30136 for x86
Copyright (C) Microsoft Corporation.  All rights reserved.

CMakeCCompilerId.c
Microsoft (R) Incremental Linker Version 14.29.30136.0
Copyright (C) Microsoft Corporation.  All rights reserved.

/out:CMakeCCompilerId.exe 
CMakeCCompilerId.obj 


Compilation of the C compiler identification source "CMakeCCompilerId.c" produced "CMakeCCompilerId.exe"

Compilation of the C compiler identification source "CMakeCCompilerId.c" produced "CMakeCCompilerId.obj"

The C compiler identification is MSVC, found in "C:/Users/to_som_ja/Desktop/LangtonMravec/Client/cmake-build-debug/CMakeFiles/3.20.2/CompilerIdC/CMakeCCompilerId.exe"

Detecting C compiler ABI info compiled with the following output:
Change Dir: C:/Users/to_som_ja/Desktop/LangtonMravec/Client/cmake-build-debug/CMakeFiles/CMakeTmp

Run Build Command(s):nmake -f Makefile /nologo cmTC_b98ef\fast && 	"C:\Program Files (x86)\Microsoft Visual Studio\2019\Community\VC\Tools\MSVC\14.29.30133\bin\HostX86\x86\nmake.exe"  -f CMakeFiles\cmTC_b98ef.dir\build.make /nologo -L                  CMakeFiles\cmTC_b98ef.dir\build
Building C object CMakeFiles/cmTC_b98ef.dir/CMakeCCompilerABI.c.obj
	"D:\CLion 2021.2.3\bin\cmake\win\bin\cmake.exe" -E cmake_cl_compile_depends --dep-file=CMakeFiles\cmTC_b98ef.dir\CMakeCCompilerABI.c.obj.d --working-dir=C:\Users\to_som_ja\Desktop\LangtonMravec\Client\cmake-build-debug\CMakeFiles\CMakeTmp --filter-prefix="" -- "C:\PROGRA~2\Microsoft Visual Studio\2019\Community\VC\Tools\MSVC\14.29.30133\bin\Hostx86\x86\cl.exe" @C:\Users\TO_SOM~1\AppData\Local\Temp\nmF4AB.tmp
Linking C executable cmTC_b98ef.exe
	"D:\CLion 2021.2.3\bin\cmake\win\bin\cmake.exe" -E vs_link_exe --intdir=CMakeFiles\cmTC_b98ef.dir --rc="C:\PROGRA~2\Windows Kits\10\bin\10.0.16299.0\x86\rc.exe" --mt="C:\PROGRA~2\Windows Kits\10\bin\10.0.16299.0\x86\mt.exe" --manifests -- "C:\PROGRA~2\Microsoft Visual Studio\2019\Community\VC\Tools\MSVC\14.29.30133\bin\Hostx86\x86\link.exe" /nologo @CMakeFiles\cmTC_b98ef.dir\objects1.rsp @C:\Users\TO_SOM~1\AppData\Local\Temp\nmF4FA.tmp



